[INFO  2022-11-15T15:35:08,610 net.lightbody.bmp.proxy.Main] (main) Starting BrowserMob Proxy version 2.1.4 
[INFO  2022-11-15T15:35:08,645 org.eclipse.jetty.util.log] (main) jetty-7.x.y-SNAPSHOT 
[INFO  2022-11-15T15:35:08,876 org.eclipse.jetty.util.log] (main) started o.e.j.s.ServletContextHandler{/,null} 
[INFO  2022-11-15T15:35:08,969 org.eclipse.jetty.util.log] (main) Started SelectChannelConnector@0.0.0.0:8080 
[INFO  2022-11-15T15:35:10,032 org.littleshoot.proxy.impl.DefaultHttpProxyServer] (qtp189207010-19) Starting proxy at address: 0.0.0.0/0.0.0.0:8081 
[INFO  2022-11-15T15:35:10,053 org.littleshoot.proxy.impl.DefaultHttpProxyServer] (qtp189207010-19) Proxy listening with TCP transport 
[INFO  2022-11-15T15:35:10,438 org.littleshoot.proxy.impl.DefaultHttpProxyServer] (qtp189207010-19) Proxy started at address: /0:0:0:0:0:0:0:0:8081 
[WARN  2022-11-15T15:35:14,402 net.lightbody.bmp.filters.HarCaptureFilter] (LittleProxy-0-ProxyToServerWorker-3) No content type specified in response from /v1/log. Content will be treated as application/octet-stream 
[WARN  2022-11-15T15:35:14,642 net.lightbody.bmp.filters.ServerResponseCaptureFilter] (LittleProxy-0-ProxyToServerWorker-1) Cannot decode unsupported content encoding type br 
[WARN  2022-11-15T15:35:14,642 net.lightbody.bmp.filters.HarCaptureFilter] (LittleProxy-0-ProxyToServerWorker-1) Unable to decompress content with encoding: br. Contents will be encoded as base64 binary data. 
[WARN  2022-11-15T15:35:17,141 net.lightbody.bmp.filters.HarCaptureFilter] (LittleProxy-0-ProxyToServerWorker-6) No content type specified in response from /sa.gif?project=c_production&token=GspVAqOjudHi. Content will be treated as application/octet-stream 
[WARN  2022-11-15T15:35:17,141 net.lightbody.bmp.filters.HarCaptureFilter] (LittleProxy-0-ProxyToServerWorker-5) No content type specified in response from /sa.gif?project=c_production&token=GspVAqOjudHi. Content will be treated as application/octet-stream 
[WARN  2022-11-15T15:35:21,982 net.lightbody.bmp.filters.HarCaptureFilter] (LittleProxy-0-ProxyToServerWorker-6) No content type specified in response from /sa.gif?project=c_production&token=GspVAqOjudHi. Content will be treated as application/octet-stream 
[WARN  2022-11-15T15:35:22,185 net.lightbody.bmp.filters.HarCaptureFilter] (LittleProxy-0-ProxyToServerWorker-6) No content type specified in response from /sa.gif?project=c_production&token=GspVAqOjudHi. Content will be treated as application/octet-stream 
[WARN  2022-11-15T15:35:22,498 net.lightbody.bmp.filters.ServerResponseCaptureFilter] (LittleProxy-0-ProxyToServerWorker-0) Cannot decode unsupported content encoding type br 
[WARN  2022-11-15T15:35:22,499 net.lightbody.bmp.filters.HarCaptureFilter] (LittleProxy-0-ProxyToServerWorker-0) Unable to decompress content with encoding: br. Contents will be encoded as base64 binary data. 
[WARN  2022-11-15T15:35:24,111 net.lightbody.bmp.filters.ServerResponseCaptureFilter] (LittleProxy-0-ProxyToServerWorker-1) Cannot decode unsupported content encoding type br 
[WARN  2022-11-15T15:35:24,112 net.lightbody.bmp.filters.HarCaptureFilter] (LittleProxy-0-ProxyToServerWorker-1) Unable to decompress content with encoding: br. Contents will be encoded as base64 binary data. 
[WARN  2022-11-15T15:35:24,555 net.lightbody.bmp.filters.HarCaptureFilter] (LittleProxy-0-ProxyToServerWorker-7) No content type specified in response from /collect/pv?id=xEJRWiQ9w1m94Rd38g&uin=&version=1.36.4&aid=aca49ee0-2207-467f-8a3e-f26eff055855&env=production&platform=4&netType=4&vp=1920%20*%20961&sr=1920%20*%201080&sessionId=session-1668497722559&from=https%3A%2F%2Fappbt7csfy77461.h5.xiaoeknow.com%2Fp%2Fcourse%2Fmember%2Fp_60e027a2e4b0151fc94c898b%3Ftype%3D3&referer=https%3A%2F%2Fappbt7csfy77461.h5.xiaoeknow.com%2Fv1%2Fauth%3Fredirect_url%3Dhttps%253A%252F%252Fappbt7csfy77461.h5.xiaoeknow.com%252Fp%252Fcourse%252Fmember%252Fp_60e027a2e4b0151fc94c898b%253Ftype%253D3. Content will be treated as application/octet-stream 
[WARN  2022-11-15T15:35:24,557 net.lightbody.bmp.filters.HarCaptureFilter] (LittleProxy-0-ProxyToServerWorker-6) No content type specified in response from /sa.gif?project=c_production&token=GspVAqOjudHi. Content will be treated as application/octet-stream 
[WARN  2022-11-15T15:35:24,592 net.lightbody.bmp.filters.HarCaptureFilter] (LittleProxy-0-ProxyToServerWorker-7) No content type specified in response from /collect?id=xEJRWiQ9w1m94Rd38g&uin=&version=1.36.4&aid=aca49ee0-2207-467f-8a3e-f26eff055855&env=production&platform=4&netType=4&vp=1920%20*%20961&sr=1920%20*%201080&sessionId=session-1668497722559&from=https%3A%2F%2Fappbt7csfy77461.h5.xiaoeknow.com%2Fp%2Fcourse%2Fmember%2Fp_60e027a2e4b0151fc94c898b%3Ftype%3D3&referer=https%3A%2F%2Fappbt7csfy77461.h5.xiaoeknow.com%2Fv1%2Fauth%3Fredirect_url%3Dhttps%253A%252F%252Fappbt7csfy77461.h5.xiaoeknow.com%252Fp%252Fcourse%252Fmember%252Fp_60e027a2e4b0151fc94c898b%253Ftype%253D3. Content will be treated as application/octet-stream 
[WARN  2022-11-15T15:35:24,644 net.lightbody.bmp.filters.HarCaptureFilter] (LittleProxy-0-ProxyToServerWorker-7) No content type specified in response from /collect?id=xEJRWiQ9w1m94Rd38g&uin=&version=1.36.4&aid=aca49ee0-2207-467f-8a3e-f26eff055855&env=production&platform=4&netType=4&vp=1920%20*%20961&sr=1920%20*%201080&sessionId=session-1668497722559&from=https%3A%2F%2Fappbt7csfy77461.h5.xiaoeknow.com%2Fp%2Fcourse%2Fmember%2Fp_60e027a2e4b0151fc94c898b%3Ftype%3D3&referer=https%3A%2F%2Fappbt7csfy77461.h5.xiaoeknow.com%2Fv1%2Fauth%3Fredirect_url%3Dhttps%253A%252F%252Fappbt7csfy77461.h5.xiaoeknow.com%252Fp%252Fcourse%252Fmember%252Fp_60e027a2e4b0151fc94c898b%253Ftype%253D3. Content will be treated as application/octet-stream 
[WARN  2022-11-15T15:35:25,065 net.lightbody.bmp.filters.HarCaptureFilter] (LittleProxy-0-ProxyToServerWorker-2) No content type specified in response from /collect?id=xEJRWiQ9w1m94Rd38g&uin=&version=1.36.4&aid=aca49ee0-2207-467f-8a3e-f26eff055855&env=production&platform=4&netType=4&vp=1920%20*%20961&sr=1920%20*%201080&sessionId=session-1668497722559&from=https%3A%2F%2Fappbt7csfy77461.h5.xiaoeknow.com%2Fp%2Fcourse%2Fmember%2Fp_60e027a2e4b0151fc94c898b%3Ftype%3D3&referer=https%3A%2F%2Fappbt7csfy77461.h5.xiaoeknow.com%2Fv1%2Fauth%3Fredirect_url%3Dhttps%253A%252F%252Fappbt7csfy77461.h5.xiaoeknow.com%252Fp%252Fcourse%252Fmember%252Fp_60e027a2e4b0151fc94c898b%253Ftype%253D3. Content will be treated as application/octet-stream 
[WARN  2022-11-15T15:35:25,258 net.lightbody.bmp.filters.HarCaptureFilter] (LittleProxy-0-ProxyToServerWorker-6) No content type specified in response from /sa.gif?project=c_production&token=GspVAqOjudHi. Content will be treated as application/octet-stream 
[WARN  2022-11-15T15:35:25,479 net.lightbody.bmp.filters.HarCaptureFilter] (LittleProxy-0-ProxyToServerWorker-6) No content type specified in response from /sa.gif?project=c_production&token=GspVAqOjudHi. Content will be treated as application/octet-stream 
[WARN  2022-11-15T15:35:25,559 net.lightbody.bmp.filters.HarCaptureFilter] (LittleProxy-0-ProxyToServerWorker-4) No content type specified in response from /speed/webvitals?FCP=946.3000000119209&LCP=3023.5&FID=-1&CLS=-1&id=xEJRWiQ9w1m94Rd38g&uin=&version=1.36.4&aid=aca49ee0-2207-467f-8a3e-f26eff055855&env=production&platform=4&netType=4&vp=1920%20*%20961&sr=1920%20*%201080&sessionId=session-1668497722559&from=https%3A%2F%2Fappbt7csfy77461.h5.xiaoeknow.com%2Fp%2Fcourse%2Fmember%2Fp_60e027a2e4b0151fc94c898b%3Ftype%3D3&referer=https%3A%2F%2Fappbt7csfy77461.h5.xiaoeknow.com%2Fv1%2Fauth%3Fredirect_url%3Dhttps%253A%252F%252Fappbt7csfy77461.h5.xiaoeknow.com%252Fp%252Fcourse%252Fmember%252Fp_60e027a2e4b0151fc94c898b%253Ftype%253D3. Content will be treated as application/octet-stream 
[WARN  2022-11-15T15:35:25,980 net.lightbody.bmp.filters.HarCaptureFilter] (LittleProxy-0-ProxyToServerWorker-1) No content type specified in response from /xiaoe-cnpm/production/common-sdk/1.7.2/js-common.js. Content will be treated as application/octet-stream 
[WARN  2022-11-15T15:35:26,169 net.lightbody.bmp.filters.HarCaptureFilter] (LittleProxy-0-ProxyToServerWorker-7) No content type specified in response from /collect/pv?id=xEJRWiQ9w1m94Rd38g&uin=&version=1.36.4&aid=aca49ee0-2207-467f-8a3e-f26eff055855&env=production&platform=4&netType=4&vp=1920%20*%20961&sr=1920%20*%201080&sessionId=session-1668497725868&from=https%3A%2F%2Fappbt7csfy77461.h5.xiaoeknow.com%2Fp%2Fcourse%2Fmember%2Fp_60e027a2e4b0151fc94c898b%3Ftype%3D3&referer=. Content will be treated as application/octet-stream 
[WARN  2022-11-15T15:35:26,265 net.lightbody.bmp.filters.HarCaptureFilter] (LittleProxy-0-ProxyToServerWorker-6) No content type specified in response from /sa.gif?project=c_production&token=GspVAqOjudHi. Content will be treated as application/octet-stream 
[WARN  2022-11-15T15:35:26,318 net.lightbody.bmp.filters.HarCaptureFilter] (LittleProxy-0-ProxyToServerWorker-5) No content type specified in response from /sa.gif?project=c_production&token=GspVAqOjudHi. Content will be treated as application/octet-stream 
[WARN  2022-11-15T15:35:26,329 net.lightbody.bmp.filters.HarCaptureFilter] (LittleProxy-0-ProxyToServerWorker-0) No content type specified in response from /appbt7csfy77461/image/kqnfzfhs0o3z.png?imageView2/2/w/800/q/80%7CimageMogr2/ignore-error/1. Content will be treated as application/octet-stream 
[WARN  2022-11-15T15:35:26,815 net.lightbody.bmp.filters.HarCaptureFilter] (LittleProxy-0-ProxyToServerWorker-7) No content type specified in response from /collect?id=xEJRWiQ9w1m94Rd38g&uin=&version=1.36.4&aid=aca49ee0-2207-467f-8a3e-f26eff055855&env=production&platform=4&netType=4&vp=1920%20*%20961&sr=1920%20*%201080&sessionId=session-1668497725868&from=https%3A%2F%2Fappbt7csfy77461.h5.xiaoeknow.com%2Fp%2Fcourse%2Fmember%2Fp_60e027a2e4b0151fc94c898b%3Ftype%3D3&referer=. Content will be treated as application/octet-stream 
[WARN  2022-11-15T15:35:26,848 net.lightbody.bmp.filters.HarCaptureFilter] (LittleProxy-0-ProxyToServerWorker-7) No content type specified in response from /collect?id=xEJRWiQ9w1m94Rd38g&uin=&version=1.36.4&aid=aca49ee0-2207-467f-8a3e-f26eff055855&env=production&platform=4&netType=4&vp=1920%20*%20961&sr=1920%20*%201080&sessionId=session-1668497725868&from=https%3A%2F%2Fappbt7csfy77461.h5.xiaoeknow.com%2Fp%2Fcourse%2Fmember%2Fp_60e027a2e4b0151fc94c898b%3Ftype%3D3&referer=. Content will be treated as application/octet-stream 
[WARN  2022-11-15T15:35:28,039 net.lightbody.bmp.filters.HarCaptureFilter] (LittleProxy-0-ProxyToServerWorker-6) No content type specified in response from /collect?id=xEJRWiQ9w1m94Rd38g&uin=&version=1.36.4&aid=aca49ee0-2207-467f-8a3e-f26eff055855&env=production&platform=4&netType=4&vp=1920%20*%20961&sr=1920%20*%201080&sessionId=session-1668497725868&from=https%3A%2F%2Fappbt7csfy77461.h5.xiaoeknow.com%2Fp%2Fcourse%2Fmember%2Fp_60e027a2e4b0151fc94c898b%3Ftype%3D3&referer=. Content will be treated as application/octet-stream 
[WARN  2022-11-15T15:35:28,202 net.lightbody.bmp.filters.HarCaptureFilter] (LittleProxy-0-ProxyToServerWorker-6) No content type specified in response from /speed?id=xEJRWiQ9w1m94Rd38g&uin=&version=1.36.4&aid=aca49ee0-2207-467f-8a3e-f26eff055855&env=production&platform=4&netType=4&vp=1920%20*%20961&sr=1920%20*%201080&sessionId=session-1668497725868&from=https%3A%2F%2Fappbt7csfy77461.h5.xiaoeknow.com%2Fp%2Fcourse%2Fmember%2Fp_60e027a2e4b0151fc94c898b%3Ftype%3D3&referer=. Content will be treated as application/octet-stream 
[WARN  2022-11-15T15:35:28,919 net.lightbody.bmp.filters.HarCaptureFilter] (LittleProxy-0-ProxyToServerWorker-6) No content type specified in response from /speed/performance?dnsLookup=0&tcp=0&ssl=0&ttfb=220&contentDownload=1&domParse=468&resourceDownload=362&firstScreenTiming=1055&id=xEJRWiQ9w1m94Rd38g&uin=&version=1.36.4&aid=aca49ee0-2207-467f-8a3e-f26eff055855&env=production&platform=4&netType=4&vp=1920%20*%20961&sr=1920%20*%201080&sessionId=session-1668497725868&from=https%3A%2F%2Fappbt7csfy77461.h5.xiaoeknow.com%2Fp%2Fcourse%2Fmember%2Fp_60e027a2e4b0151fc94c898b%3Ftype%3D3&referer=. Content will be treated as application/octet-stream 
[INFO  2022-11-15T15:35:32,690 org.littleshoot.proxy.impl.ProxyToServerConnection] (LittleProxy-0-ProxyToServerWorker-1) (CONNECTING) [id: 0x1d9ffacf]: Connection to upstream server failed io.netty.channel.AbstractChannel$AnnotatedConnectException: Connection timed out: no further information: accounts.google.com/142.251.42.237:443
	at sun.nio.ch.SocketChannelImpl.checkConnect(Native Method) ~[?:1.8.0_341]
	at sun.nio.ch.SocketChannelImpl.finishConnect(SocketChannelImpl.java:715) ~[?:1.8.0_341]
	at io.netty.channel.socket.nio.NioSocketChannel.doFinishConnect(NioSocketChannel.java:346) ~[browsermob-dist-2.1.4.jar:?]
	at io.netty.channel.nio.AbstractNioChannel$AbstractNioUnsafe.finishConnect(AbstractNioChannel.java:340) [browsermob-dist-2.1.4.jar:?]
	at io.netty.channel.nio.NioEventLoop.processSelectedKey(NioEventLoop.java:639) [browsermob-dist-2.1.4.jar:?]
	at io.netty.channel.nio.NioEventLoop.processSelectedKeysOptimized(NioEventLoop.java:574) [browsermob-dist-2.1.4.jar:?]
	at io.netty.channel.nio.NioEventLoop.processSelectedKeys(NioEventLoop.java:488) [browsermob-dist-2.1.4.jar:?]
	at io.netty.channel.nio.NioEventLoop.run(NioEventLoop.java:450) [browsermob-dist-2.1.4.jar:?]
	at io.netty.util.concurrent.SingleThreadEventExecutor$5.run(SingleThreadEventExecutor.java:873) [browsermob-dist-2.1.4.jar:?]
	at java.lang.Thread.run(Thread.java:750) [?:1.8.0_341]

[INFO  2022-11-15T15:35:42,993 org.littleshoot.proxy.impl.ClientToProxyConnection] (LittleProxy-0-ClientToProxyWorker-0) (NEGOTIATING_CONNECT) [id: 0x102248a9, L:/0:0:0:0:0:0:0:1:8081 - R:/0:0:0:0:0:0:0:1:57224]: An IOException occurred on ClientToProxyConnection: 你的主机中的软件中止了一个已建立的连接。 
[INFO  2022-11-15T15:35:42,996 org.littleshoot.proxy.impl.ProxyToServerConnection] (LittleProxy-0-ProxyToServerWorker-0) (HANDSHAKING) [id: 0xb28aa602, L:0.0.0.0/0.0.0.0:57225 ! R:aegis.qq.com/157.148.63.125:443]: Connection to upstream server failed java.nio.channels.ClosedChannelException: null
	at io.netty.handler.ssl.SslHandler.channelInactive(...)(Unknown Source) ~[browsermob-dist-2.1.4.jar:?]

[INFO  2022-11-15T15:35:49,100 org.littleshoot.proxy.impl.ProxyToServerConnection] (LittleProxy-0-ProxyToServerWorker-5) (CONNECTING) [id: 0xb970411a]: Connection to upstream server failed io.netty.channel.AbstractChannel$AnnotatedConnectException: Connection timed out: no further information: optimizationguide-pa.googleapis.com/172.217.160.106:443
	at sun.nio.ch.SocketChannelImpl.checkConnect(Native Method) ~[?:1.8.0_341]
	at sun.nio.ch.SocketChannelImpl.finishConnect(SocketChannelImpl.java:715) ~[?:1.8.0_341]
	at io.netty.channel.socket.nio.NioSocketChannel.doFinishConnect(NioSocketChannel.java:346) ~[browsermob-dist-2.1.4.jar:?]
	at io.netty.channel.nio.AbstractNioChannel$AbstractNioUnsafe.finishConnect(AbstractNioChannel.java:340) [browsermob-dist-2.1.4.jar:?]
	at io.netty.channel.nio.NioEventLoop.processSelectedKey(NioEventLoop.java:639) [browsermob-dist-2.1.4.jar:?]
	at io.netty.channel.nio.NioEventLoop.processSelectedKeysOptimized(NioEventLoop.java:574) [browsermob-dist-2.1.4.jar:?]
	at io.netty.channel.nio.NioEventLoop.processSelectedKeys(NioEventLoop.java:488) [browsermob-dist-2.1.4.jar:?]
	at io.netty.channel.nio.NioEventLoop.run(NioEventLoop.java:450) [browsermob-dist-2.1.4.jar:?]
	at io.netty.util.concurrent.SingleThreadEventExecutor$5.run(SingleThreadEventExecutor.java:873) [browsermob-dist-2.1.4.jar:?]
	at java.lang.Thread.run(Thread.java:750) [?:1.8.0_341]

[INFO  2022-11-15T15:35:54,665 org.littleshoot.proxy.impl.ProxyToServerConnection] (LittleProxy-0-ProxyToServerWorker-7) (CONNECTING) [id: 0x08356111]: Connection to upstream server failed io.netty.channel.AbstractChannel$AnnotatedConnectException: Connection timed out: no further information: accounts.google.com/142.251.42.237:443
	at sun.nio.ch.SocketChannelImpl.checkConnect(Native Method) ~[?:1.8.0_341]
	at sun.nio.ch.SocketChannelImpl.finishConnect(SocketChannelImpl.java:715) ~[?:1.8.0_341]
	at io.netty.channel.socket.nio.NioSocketChannel.doFinishConnect(NioSocketChannel.java:346) ~[browsermob-dist-2.1.4.jar:?]
	at io.netty.channel.nio.AbstractNioChannel$AbstractNioUnsafe.finishConnect(AbstractNioChannel.java:340) [browsermob-dist-2.1.4.jar:?]
	at io.netty.channel.nio.NioEventLoop.processSelectedKey(NioEventLoop.java:639) [browsermob-dist-2.1.4.jar:?]
	at io.netty.channel.nio.NioEventLoop.processSelectedKeysOptimized(NioEventLoop.java:574) [browsermob-dist-2.1.4.jar:?]
	at io.netty.channel.nio.NioEventLoop.processSelectedKeys(NioEventLoop.java:488) [browsermob-dist-2.1.4.jar:?]
	at io.netty.channel.nio.NioEventLoop.run(NioEventLoop.java:450) [browsermob-dist-2.1.4.jar:?]
	at io.netty.util.concurrent.SingleThreadEventExecutor$5.run(SingleThreadEventExecutor.java:873) [browsermob-dist-2.1.4.jar:?]
	at java.lang.Thread.run(Thread.java:750) [?:1.8.0_341]

